<?xml version="1.0" encoding="UTF-8"?>
<!-- Generated by org.testng.reporters.JUnitReportReporter -->
<testsuite hostname="poorvid" failures="0" tests="1" name="zephyrsquad.jenkins.firstTest" time="5.627" errors="0" timestamp="2022-12-06T12:32:47 IST" skipped="0">
  <testcase classname="zephyrsquad.jenkins.firstTest" name="firsttest" time="5.627"/>
  <system-out/>
</testsuite> <!-- zephyrsquad.jenkins.firstTest -->
